[debug] [2021-04-28T23:46:59.544Z] ----------------------------------------------------------------------
[debug] [2021-04-28T23:46:59.546Z] Command:       /usr/bin/node /usr/local/bin/firebase deploy
[debug] [2021-04-28T23:46:59.546Z] CLI Version:   9.10.0
[debug] [2021-04-28T23:46:59.546Z] Platform:      linux
[debug] [2021-04-28T23:46:59.546Z] Node Version:  v10.19.0
[debug] [2021-04-28T23:46:59.553Z] Time:          Thu Apr 29 2021 02:46:59 GMT+0300 (Eastern European Summer Time)
[debug] [2021-04-28T23:46:59.553Z] ----------------------------------------------------------------------
[debug] 
[debug] [2021-04-28T23:46:59.556Z] >>> [apiv2][query] GET https://firebase-public.firebaseio.com/cli.json [none]
[debug] [2021-04-28T23:46:59.578Z] > command requires scopes: ["email","openid","https://www.googleapis.com/auth/cloudplatformprojects.readonly","https://www.googleapis.com/auth/firebase","https://www.googleapis.com/auth/cloud-platform"]
[debug] [2021-04-28T23:46:59.578Z] > authorizing via signed-in user (jihad.nd@gmail.com)
[debug] [2021-04-28T23:46:59.578Z] [iam] checking project whatsapp-c4b1f for permissions ["firebase.projects.get","firebasehosting.sites.update"]
[debug] [2021-04-28T23:46:59.580Z] > refreshing access token with scopes: ["email","https://www.googleapis.com/auth/cloud-platform","https://www.googleapis.com/auth/cloudplatformprojects.readonly","https://www.googleapis.com/auth/firebase","openid"]
[debug] [2021-04-28T23:46:59.580Z] >>> HTTP REQUEST POST https://www.googleapis.com/oauth2/v3/token  
 <request body omitted>
[debug] [2021-04-28T23:47:00.418Z] <<< HTTP RESPONSE 200 {"expires":"Mon, 01 Jan 1990 00:00:00 GMT","cache-control":"no-cache, no-store, max-age=0, must-revalidate","pragma":"no-cache","date":"Wed, 28 Apr 2021 23:47:00 GMT","content-type":"application/json; charset=utf-8","vary":"X-Origin, Referer, Origin,Accept-Encoding","server":"scaffolding on HTTPServer2","x-xss-protection":"0","x-frame-options":"SAMEORIGIN","x-content-type-options":"nosniff","alt-svc":"h3-29=\":443\"; ma=2592000,h3-T051=\":443\"; ma=2592000,h3-Q050=\":443\"; ma=2592000,h3-Q046=\":443\"; ma=2592000,h3-Q043=\":443\"; ma=2592000,quic=\":443\"; ma=2592000; v=\"46,43\"","accept-ranges":"none","transfer-encoding":"chunked"}
[debug] [2021-04-28T23:47:00.432Z] >>> HTTP REQUEST POST https://cloudresourcemanager.googleapis.com/v1/projects/whatsapp-c4b1f:testIamPermissions  
 {"permissions":["firebase.projects.get","firebasehosting.sites.update"]}
[debug] [2021-04-28T23:47:01.035Z] <<< [apiv2][status] GET https://firebase-public.firebaseio.com/cli.json 200
[debug] [2021-04-28T23:47:01.036Z] <<< [apiv2][body] GET https://firebase-public.firebaseio.com/cli.json {"cloudBuildErrorAfter":1594252800000,"cloudBuildWarnAfter":1590019200000,"defaultNode10After":1594252800000,"minVersion":"3.0.5","node8DeploysDisabledAfter":1613390400000,"node8RuntimeDisabledAfter":1615809600000,"node8WarnAfter":1600128000000}
[debug] [2021-04-28T23:47:02.094Z] <<< HTTP RESPONSE 200 {"content-type":"application/json; charset=UTF-8","vary":"X-Origin, Referer, Origin,Accept-Encoding","date":"Wed, 28 Apr 2021 23:47:01 GMT","server":"ESF","cache-control":"private","x-xss-protection":"0","x-frame-options":"SAMEORIGIN","x-content-type-options":"nosniff","server-timing":"gfet4t7; dur=610","alt-svc":"h3-29=\":443\"; ma=2592000,h3-T051=\":443\"; ma=2592000,h3-Q050=\":443\"; ma=2592000,h3-Q046=\":443\"; ma=2592000,h3-Q043=\":443\"; ma=2592000,quic=\":443\"; ma=2592000; v=\"46,43\"","accept-ranges":"none","transfer-encoding":"chunked"}
[debug] [2021-04-28T23:47:02.095Z] > refreshing access token with scopes: []
[debug] [2021-04-28T23:47:02.096Z] >>> HTTP REQUEST POST https://www.googleapis.com/oauth2/v3/token  
 <request body omitted>
[debug] [2021-04-28T23:47:02.350Z] <<< HTTP RESPONSE 200 {"expires":"Mon, 01 Jan 1990 00:00:00 GMT","date":"Wed, 28 Apr 2021 23:47:02 GMT","cache-control":"no-cache, no-store, max-age=0, must-revalidate","pragma":"no-cache","content-type":"application/json; charset=utf-8","vary":"X-Origin, Referer, Origin,Accept-Encoding","server":"scaffolding on HTTPServer2","x-xss-protection":"0","x-frame-options":"SAMEORIGIN","x-content-type-options":"nosniff","alt-svc":"h3-29=\":443\"; ma=2592000,h3-T051=\":443\"; ma=2592000,h3-Q050=\":443\"; ma=2592000,h3-Q046=\":443\"; ma=2592000,h3-Q043=\":443\"; ma=2592000,quic=\":443\"; ma=2592000; v=\"46,43\"","accept-ranges":"none","transfer-encoding":"chunked"}
[debug] [2021-04-28T23:47:02.360Z] >>> [apiv2][query] GET https://firebase.googleapis.com/v1beta1/projects/whatsapp-c4b1f [none]
[debug] [2021-04-28T23:47:03.182Z] <<< [apiv2][status] GET https://firebase.googleapis.com/v1beta1/projects/whatsapp-c4b1f 200
[debug] [2021-04-28T23:47:03.183Z] <<< [apiv2][body] GET https://firebase.googleapis.com/v1beta1/projects/whatsapp-c4b1f {"projectId":"whatsapp-c4b1f","projectNumber":"1031185482934","displayName":"Whatsapp","name":"projects/whatsapp-c4b1f","resources":{"hostingSite":"whatsapp-c4b1f","realtimeDatabaseInstance":"whatsapp-c4b1f-default-rtdb","storageBucket":"whatsapp-c4b1f.appspot.com","locationId":"us-central"},"state":"ACTIVE"}
[info] 
[info] === Deploying to 'whatsapp-c4b1f'...
[info] 
[info] i  deploying hosting 
[debug] [2021-04-28T23:47:03.186Z] > refreshing access token with scopes: ["email","https://www.googleapis.com/auth/cloud-platform","https://www.googleapis.com/auth/cloudplatformprojects.readonly","https://www.googleapis.com/auth/firebase","openid"]
[debug] [2021-04-28T23:47:03.187Z] >>> HTTP REQUEST POST https://www.googleapis.com/oauth2/v3/token  
 <request body omitted>
[debug] [2021-04-28T23:47:10.902Z] <<< HTTP RESPONSE 200 {"expires":"Mon, 01 Jan 1990 00:00:00 GMT","pragma":"no-cache","cache-control":"no-cache, no-store, max-age=0, must-revalidate","date":"Wed, 28 Apr 2021 23:47:10 GMT","content-type":"application/json; charset=utf-8","vary":"X-Origin, Referer, Origin,Accept-Encoding","server":"scaffolding on HTTPServer2","x-xss-protection":"0","x-frame-options":"SAMEORIGIN","x-content-type-options":"nosniff","alt-svc":"h3-29=\":443\"; ma=2592000,h3-T051=\":443\"; ma=2592000,h3-Q050=\":443\"; ma=2592000,h3-Q046=\":443\"; ma=2592000,h3-Q043=\":443\"; ma=2592000,quic=\":443\"; ma=2592000; v=\"46,43\"","accept-ranges":"none","transfer-encoding":"chunked"}
[debug] [2021-04-28T23:47:10.912Z] >>> HTTP REQUEST POST https://firebasehosting.googleapis.com/v1beta1/sites/whatsapp-c4b1f/versions  
 {"config":{"rewrites":[{"glob":"**","path":"/index.html"}]},"labels":{"deployment-tool":"cli-firebase"}}
[debug] [2021-04-28T23:47:13.934Z] <<< HTTP RESPONSE 200 {"content-type":"application/json; charset=UTF-8","vary":"X-Origin, Referer, Origin,Accept-Encoding","date":"Wed, 28 Apr 2021 23:47:13 GMT","server":"ESF","cache-control":"private","x-xss-protection":"0","x-frame-options":"SAMEORIGIN","x-content-type-options":"nosniff","alt-svc":"h3-29=\":443\"; ma=2592000,h3-T051=\":443\"; ma=2592000,h3-Q050=\":443\"; ma=2592000,h3-Q046=\":443\"; ma=2592000,h3-Q043=\":443\"; ma=2592000,quic=\":443\"; ma=2592000; v=\"46,43\"","accept-ranges":"none","transfer-encoding":"chunked"}
[info] i  hosting[whatsapp-c4b1f]: beginning deploy... 
[info] i  hosting[whatsapp-c4b1f]: found 18 files in build 
[debug] [2021-04-28T23:47:13.943Z] [hosting] hash cache [YnVpbGQ] not populated
[debug] [2021-04-28T23:47:14.601Z] > refreshing access token with scopes: []
[debug] [2021-04-28T23:47:14.601Z] >>> HTTP REQUEST POST https://www.googleapis.com/oauth2/v3/token  
 <request body omitted>
[debug] [2021-04-28T23:47:14.607Z] [hosting] hash cache [YnVpbGQ] stored for 18 files
[debug] [2021-04-28T23:47:14.608Z] [hosting][hash queue][FINAL] {"max":654,"min":11,"avg":54.77777777777778,"active":0,"complete":18,"success":18,"errored":0,"retried":0,"total":18,"elapsed":664}
